<?xml version="1.0" encoding="UTF-8"?>
<testng-results ignored="0" total="1" passed="1" failed="0" skipped="0">
  <reporter-output>
  </reporter-output>
  <suite started-at="2022-08-07T15:52:57 IST" name="Default suite" finished-at="2022-08-07T15:52:57 IST" duration-ms="100">
    <groups>
    </groups>
    <test started-at="2022-08-07T15:52:57 IST" name="Default test" finished-at="2022-08-07T15:52:57 IST" duration-ms="100">
      <class name="Tests.NewTest">
        <test-method signature="f()[pri:0, instance:Tests.NewTest@5d7148e2]" started-at="2022-08-07T15:52:57 IST" name="f" finished-at="2022-08-07T15:52:57 IST" duration-ms="14" status="PASS">
          <reporter-output>
          </reporter-output>
        </test-method> <!-- f -->
      </class> <!-- Tests.NewTest -->
    </test> <!-- Default test -->
  </suite> <!-- Default suite -->
</testng-results>
